-------------------------------------------------------------------------------
Test set: com.capco.travel.VisaServiceApplicationTests
-------------------------------------------------------------------------------
Tests run: 1, Failures: 0, Errors: 1, Skipped: 0, Time elapsed: 0.807 s <<< FAILURE! - in com.capco.travel.VisaServiceApplicationTests
initializationError(com.capco.travel.VisaServiceApplicationTests)  Time elapsed: 0 s  <<< ERROR!
java.lang.IllegalStateException: Unable to find a @SpringBootConfiguration, you need to use @ContextConfiguration or @SpringBootTest(classes=...) with your test

